Arguments: 
  /usr/bin/node /usr/bin/yarn eject

PATH: 
  /home/erre/bin:/home/erre/.npm-global/bin/:/usr/local/sbin:/usr/local/bin:/usr/bin:/usr/lib/jvm/default/bin:/usr/bin/site_perl:/usr/bin/vendor_perl:/usr/bin/core_perl

Yarn version: 
  1.5.1

Node version: 
  9.9.0

Platform: 
  linux x64

npm manifest: 
  {
    "name": "tallermcpc",
    "version": "1.0.0",
    "description": "<h1> Repositorio y bitácora del taller de experimentacion interactiva </h1> <h3> Presentado en el centro cultural españa mx (CCE) </h3>",
    "main": "index.js",
    "dependencies": {
      "apollo-boost": "^0.1.4",
      "express": "^4.16.3",
      "express-graphql": "^0.6.12",
      "graphql": "^0.13.2",
      "graphql-tag": "^2.8.0",
      "next": "^5.1.0",
      "node-fetch": "^2.1.2",
      "react": "^16.3.1",
      "react-apollo": "^2.1.3",
      "react-bulma-components": "^1.3.1",
      "react-dom": "^16.3.1",
      "react-router-dom": "^4.2.2"
    },
    "devDependencies": {},
    "scripts": {
      "dev": "next",
      "test": "echo \"Error: no test specified\" && exit 1"
    },
    "repository": {
      "type": "git",
      "url": "git+https://github.com/ricardoglez/taller_experimentacion_iteractiva.git"
    },
    "author": "",
    "license": "ISC",
    "bugs": {
      "url": "https://github.com/ricardoglez/taller_experimentacion_iteractiva/issues"
    },
    "homepage": "https://github.com/ricardoglez/taller_experimentacion_iteractiva#readme"
  }

yarn manifest: 
  No manifest

Lockfile: 
  No lockfile

Trace: 
  Error: Command "eject" not found.
      at new MessageError (/usr/lib/node_modules/yarn/lib/cli.js:186:110)
      at /usr/lib/node_modules/yarn/lib/cli.js:87307:17
      at Generator.next (<anonymous>)
      at step (/usr/lib/node_modules/yarn/lib/cli.js:98:30)
      at /usr/lib/node_modules/yarn/lib/cli.js:116:14
      at new Promise (<anonymous>)
      at new F (/usr/lib/node_modules/yarn/lib/cli.js:23451:28)
      at /usr/lib/node_modules/yarn/lib/cli.js:95:12
      at runCommand (/usr/lib/node_modules/yarn/lib/cli.js:87312:22)
      at Object.<anonymous> (/usr/lib/node_modules/yarn/lib/cli.js:87412:14)
